<?xml version="1.0" encoding="UTF-8"?>
<testsuite name="com.test.UnitTest" tests="2" skipped="0" failures="0" errors="0" timestamp="2019-11-28T01:07:37" hostname="aleksandrshkraba" time="0.006">
  <properties/>
  <testcase name="testAppHasAGreeting" classname="com.test.UnitTest" time="0.004"/>
  <testcase name="test" classname="com.test.UnitTest" time="0.001"/>
  <system-out><![CDATA[test
]]></system-out>
  <system-err><![CDATA[]]></system-err>
</testsuite>
