<?xml version="1.0" encoding="UTF-8"?>
<testsuite name="com.test.UnitTest" tests="2" skipped="0" failures="0" errors="0" timestamp="2019-11-27T10:04:24" hostname="test-jenkins" time="0.003">
  <properties/>
  <testcase name="testAppHasAGreeting" classname="com.test.UnitTest" time="0.002"/>
  <testcase name="test" classname="com.test.UnitTest" time="0.001"/>
  <system-out><![CDATA[test
]]></system-out>
  <system-err><![CDATA[]]></system-err>
</testsuite>
